<?xml version="1.0" encoding="UTF-8"?>
<!-- Generated by org.testng.reporters.JUnitXMLReporter -->
<testsuite hostname="LAPTOP-727E7OPM" ignored="0" name="Default test" tests="7" failures="0" timestamp="2021-06-07T21:57:11 IST" time="32.328" errors="0">
  <testcase name="LaunchBrowser" time="11.802" classname="com.sgtesting.newtestscripts.Assignment1"/>
  <testcase name="navigate" time="12.158" classname="com.sgtesting.newtestscripts.Assignment1"/>
  <testcase name="login" time="0.106" classname="com.sgtesting.newtestscripts.Assignment1"/>
  <testcase name="CreateUser" time="0.013" classname="com.sgtesting.newtestscripts.Assignment1"/>
  <testcase name="DeleteUser" time="2.035" classname="com.sgtesting.newtestscripts.Assignment1"/>
  <testcase name="logout" time="2.031" classname="com.sgtesting.newtestscripts.Assignment1"/>
  <testcase name="closeApplication" time="4.111" classname="com.sgtesting.newtestscripts.Assignment1"/>
</testsuite> <!-- Default test -->
