<?xml version="1.0" encoding="UTF-8"?>
<!-- Generated by org.testng.reporters.JUnitXMLReporter -->
<testsuite hostname="LAPTOP-727E7OPM" ignored="0" name="Scenarios" tests="111" failures="0" timestamp="2021-06-03T13:35:28 IST" time="661.398" errors="0">
  <testcase name="LaunchBrowser" time="5.486" classname="com.sgtesting.assignments.Assignment1"/>
  <testcase name="navigate" time="5.278" classname="com.sgtesting.assignments.Assignment1"/>
  <testcase name="login" time="4.403" classname="com.sgtesting.assignments.Assignment1"/>
  <testcase name="CreateUser" time="6.37" classname="com.sgtesting.assignments.Assignment1"/>
  <testcase name="DeleteUser" time="8.216" classname="com.sgtesting.assignments.Assignment1"/>
  <testcase name="logout" time="2.261" classname="com.sgtesting.assignments.Assignment1"/>
  <testcase name="closeApplication" time="4.17" classname="com.sgtesting.assignments.Assignment1"/>
  <testcase name="LaunchBrowser" time="13.958" classname="com.sgtesting.assignments.Assignment2"/>
  <testcase name="navigate" time="2.968" classname="com.sgtesting.assignments.Assignment2"/>
  <testcase name="login" time="5.153" classname="com.sgtesting.assignments.Assignment2"/>
  <testcase name="CreateUser" time="6.763" classname="com.sgtesting.assignments.Assignment2"/>
  <testcase name="ModifyUser" time="21.956" classname="com.sgtesting.assignments.Assignment2"/>
  <testcase name="DeleteUser" time="17.489" classname="com.sgtesting.assignments.Assignment2"/>
  <testcase name="logout" time="1.847" classname="com.sgtesting.assignments.Assignment2"/>
  <testcase name="closeApplication" time="2.843" classname="com.sgtesting.assignments.Assignment2"/>
  <testcase name="LaunchBrowser" time="8.83" classname="com.sgtesting.assignments.Assignment3"/>
  <testcase name="navigate" time="2.381" classname="com.sgtesting.assignments.Assignment3"/>
  <testcase name="login" time="5.049" classname="com.sgtesting.assignments.Assignment3"/>
  <testcase name="CreateCustomer" time="3.24" classname="com.sgtesting.assignments.Assignment3"/>
  <testcase name="DeleteCustomer" time="4.068" classname="com.sgtesting.assignments.Assignment3"/>
  <testcase name="logout" time="2.238" classname="com.sgtesting.assignments.Assignment3"/>
  <testcase name="closeApplication" time="4.39" classname="com.sgtesting.assignments.Assignment3"/>
  <testcase name="LaunchBrowser" time="7.535" classname="com.sgtesting.assignments.Assignment4"/>
  <testcase name="navigate" time="2.359" classname="com.sgtesting.assignments.Assignment4"/>
  <testcase name="login" time="5.06" classname="com.sgtesting.assignments.Assignment4"/>
  <testcase name="CreateCustomer" time="7.236" classname="com.sgtesting.assignments.Assignment4"/>
  <testcase name="ModifyCustomer" time="15.899" classname="com.sgtesting.assignments.Assignment4"/>
  <testcase name="DeleteCustomer" time="7.027" classname="com.sgtesting.assignments.Assignment4"/>
  <testcase name="logout" time="3.217" classname="com.sgtesting.assignments.Assignment4"/>
  <testcase name="closeApplication" time="1.538" classname="com.sgtesting.assignments.Assignment4"/>
  <testcase name="LaunchBrowser" time="6.688" classname="com.sgtesting.assignments.Assignment5"/>
  <testcase name="navigate" time="2.32" classname="com.sgtesting.assignments.Assignment5"/>
  <testcase name="login" time="5.161" classname="com.sgtesting.assignments.Assignment5"/>
  <testcase name="CreateCustomer" time="7.249" classname="com.sgtesting.assignments.Assignment5"/>
  <testcase name="CreateProject" time="16.122" classname="com.sgtesting.assignments.Assignment5"/>
  <testcase name="DeleteProject" time="13.436" classname="com.sgtesting.assignments.Assignment5"/>
  <testcase name="DeleteCustomer" time="10.026" classname="com.sgtesting.assignments.Assignment5"/>
  <testcase name="logout" time="3.228" classname="com.sgtesting.assignments.Assignment5"/>
  <testcase name="closeApplication" time="3.532" classname="com.sgtesting.assignments.Assignment5"/>
  <testcase name="LaunchBrowser" time="6.737" classname="com.sgtesting.assignments.Assignment6"/>
  <testcase name="navigate" time="2.397" classname="com.sgtesting.assignments.Assignment6"/>
  <testcase name="login" time="5.972" classname="com.sgtesting.assignments.Assignment6"/>
  <testcase name="createCustomer" time="15.323" classname="com.sgtesting.assignments.Assignment6"/>
  <testcase name="CreateProject" time="12.904" classname="com.sgtesting.assignments.Assignment6"/>
  <testcase name="modifyProject" time="10.922" classname="com.sgtesting.assignments.Assignment6"/>
  <testcase name="DeleteProject" time="8.825" classname="com.sgtesting.assignments.Assignment6"/>
  <testcase name="DeleteCustomer" time="13.317" classname="com.sgtesting.assignments.Assignment6"/>
  <testcase name="logout" time="2.239" classname="com.sgtesting.assignments.Assignment6"/>
  <testcase name="closeApplication" time="2.326" classname="com.sgtesting.assignments.Assignment6"/>
  <testcase name="LaunchBrowser" time="7.899" classname="com.sgtesting.assignments.Assignment7"/>
  <testcase name="navigate" time="2.331" classname="com.sgtesting.assignments.Assignment7"/>
  <testcase name="login" time="5.12" classname="com.sgtesting.assignments.Assignment7"/>
  <testcase name="CreateCustomer" time="6.228" classname="com.sgtesting.assignments.Assignment7"/>
  <testcase name="CreateProject" time="5.071" classname="com.sgtesting.assignments.Assignment7"/>
  <testcase name="createTask" time="4.82" classname="com.sgtesting.assignments.Assignment7"/>
  <testcase name="deleteTask" time="7.057" classname="com.sgtesting.assignments.Assignment7"/>
  <testcase name="DeleteProject" time="8.38" classname="com.sgtesting.assignments.Assignment7"/>
  <testcase name="DeleteCustomer" time="3.044" classname="com.sgtesting.assignments.Assignment7"/>
  <testcase name="logout" time="3.231" classname="com.sgtesting.assignments.Assignment7"/>
  <testcase name="closeApplication" time="2.729" classname="com.sgtesting.assignments.Assignment7"/>
  <testcase name="launchBrowser" time="1.839" classname="com.sgtesting.assignments.Assignment8"/>
  <testcase name="navigate" time="4.604" classname="com.sgtesting.assignments.Assignment8"/>
  <testcase name="Adminlogin" time="2.176" classname="com.sgtesting.assignments.Assignment8"/>
  <testcase name="minimizeFlyOutWindow" time="1.057" classname="com.sgtesting.assignments.Assignment8"/>
  <testcase name="User1" time="11.367" classname="com.sgtesting.assignments.Assignment8"/>
  <testcase name="User2" time="8.553" classname="com.sgtesting.assignments.Assignment8"/>
  <testcase name="User3" time="8.555" classname="com.sgtesting.assignments.Assignment8"/>
  <testcase name="logout" time="2.233" classname="com.sgtesting.assignments.Assignment8"/>
  <testcase name="User1Loging" time="15.943" classname="com.sgtesting.assignments.Assignment8"/>
  <testcase name="User1logout" time="2.215" classname="com.sgtesting.assignments.Assignment8"/>
  <testcase name="User2Loging" time="5.282" classname="com.sgtesting.assignments.Assignment8"/>
  <testcase name="User2Logout" time="2.228" classname="com.sgtesting.assignments.Assignment8"/>
  <testcase name="User3Loging" time="5.276" classname="com.sgtesting.assignments.Assignment8"/>
  <testcase name="User3Logout" time="2.192" classname="com.sgtesting.assignments.Assignment8"/>
  <testcase name="Admin1login" time="2.23" classname="com.sgtesting.assignments.Assignment8"/>
  <testcase name="deleteUser1" time="9.526" classname="com.sgtesting.assignments.Assignment8"/>
  <testcase name="deleteUser2" time="9.209" classname="com.sgtesting.assignments.Assignment8"/>
  <testcase name="deleteUser3" time="9.2" classname="com.sgtesting.assignments.Assignment8"/>
  <testcase name="Adminlogout" time="2.203" classname="com.sgtesting.assignments.Assignment8"/>
  <testcase name="closeApplication" time="0.099" classname="com.sgtesting.assignments.Assignment8"/>
  <testcase name="launchBrowser" time="1.461" classname="com.sgtesting.assignments.Assignment9"/>
  <testcase name="navigate" time="4.475" classname="com.sgtesting.assignments.Assignment9"/>
  <testcase name="Adminlogin" time="2.199" classname="com.sgtesting.assignments.Assignment9"/>
  <testcase name="minimizeFlyOutWindow" time="1.072" classname="com.sgtesting.assignments.Assignment9"/>
  <testcase name="User1" time="11.656" classname="com.sgtesting.assignments.Assignment9"/>
  <testcase name="logout" time="2.199" classname="com.sgtesting.assignments.Assignment9"/>
  <testcase name="User1Loging" time="14.315" classname="com.sgtesting.assignments.Assignment9"/>
  <testcase name="User2" time="11.001" classname="com.sgtesting.assignments.Assignment9"/>
  <testcase name="User1logout" time="2.192" classname="com.sgtesting.assignments.Assignment9"/>
  <testcase name="User2Loging" time="5.266" classname="com.sgtesting.assignments.Assignment9"/>
  <testcase name="User3" time="10.969" classname="com.sgtesting.assignments.Assignment9"/>
  <testcase name="User2Logout" time="2.228" classname="com.sgtesting.assignments.Assignment9"/>
  <testcase name="Admin1login" time="2.173" classname="com.sgtesting.assignments.Assignment9"/>
  <testcase name="ModifyUser1" time="12.36" classname="com.sgtesting.assignments.Assignment9"/>
  <testcase name="Admin1logout" time="2.212" classname="com.sgtesting.assignments.Assignment9"/>
  <testcase name="User1LogingAgain" time="2.222" classname="com.sgtesting.assignments.Assignment9"/>
  <testcase name="ModifyUser2" time="12.309" classname="com.sgtesting.assignments.Assignment9"/>
  <testcase name="User1logoutAgain" time="2.181" classname="com.sgtesting.assignments.Assignment9"/>
  <testcase name="User2LogingAgain" time="2.259" classname="com.sgtesting.assignments.Assignment9"/>
  <testcase name="ModifyUser3" time="12.269" classname="com.sgtesting.assignments.Assignment9"/>
  <testcase name="User2LogoutAgain" time="2.229" classname="com.sgtesting.assignments.Assignment9"/>
  <testcase name="User2LogingAgainAgain" time="2.213" classname="com.sgtesting.assignments.Assignment9"/>
  <testcase name="deleteUser3" time="9.552" classname="com.sgtesting.assignments.Assignment9"/>
  <testcase name="User2LogoutAgainAgain" time="2.206" classname="com.sgtesting.assignments.Assignment9"/>
  <testcase name="User1LogingAgainAgain" time="2.226" classname="com.sgtesting.assignments.Assignment9"/>
  <testcase name="deleteUser2" time="9.65" classname="com.sgtesting.assignments.Assignment9"/>
  <testcase name="User1logoutAgainAgain" time="2.213" classname="com.sgtesting.assignments.Assignment9"/>
  <testcase name="Admin1loginAgain" time="2.179" classname="com.sgtesting.assignments.Assignment9"/>
  <testcase name="deleteUser1" time="9.495" classname="com.sgtesting.assignments.Assignment9"/>
  <testcase name="Admin1logoutAgainAgain" time="2.183" classname="com.sgtesting.assignments.Assignment9"/>
  <testcase name="closeApplication" time="0.097" classname="com.sgtesting.assignments.Assignment9"/>
</testsuite> <!-- Scenarios -->
