<?xml version="1.0" encoding="UTF-8"?>
<testng-results skipped="0" failed="0" ignored="0" total="7" passed="7">
  <reporter-output>
  </reporter-output>
  <suite name="Default suite" duration-ms="32328" started-at="2021-06-07T21:56:39 IST" finished-at="2021-06-07T21:57:11 IST">
    <groups>
    </groups>
    <test name="Default test" duration-ms="32328" started-at="2021-06-07T21:56:39 IST" finished-at="2021-06-07T21:57:11 IST">
      <class name="com.sgtesting.newtestscripts.Assignment1">
        <test-method status="PASS" signature="LaunchBrowser()[pri:1, instance:com.sgtesting.newtestscripts.Assignment1@184f6be2]" name="LaunchBrowser" duration-ms="11802" started-at="2021-06-07T21:56:39 IST" finished-at="2021-06-07T21:56:51 IST">
          <reporter-output>
          </reporter-output>
        </test-method> <!-- LaunchBrowser -->
        <test-method status="PASS" signature="navigate()[pri:2, instance:com.sgtesting.newtestscripts.Assignment1@184f6be2]" name="navigate" duration-ms="12158" started-at="2021-06-07T21:56:51 IST" finished-at="2021-06-07T21:57:03 IST">
          <reporter-output>
          </reporter-output>
        </test-method> <!-- navigate -->
        <test-method status="PASS" signature="login(java.lang.String,java.lang.String)[pri:3, instance:com.sgtesting.newtestscripts.Assignment1@184f6be2]" name="login" duration-ms="106" started-at="2021-06-07T21:57:03 IST" data-provider="getLoginCredentials" finished-at="2021-06-07T21:57:03 IST">
          <params>
            <param index="0">
              <value>
                <![CDATA[admin]]>
              </value>
            </param>
            <param index="1">
              <value>
                <![CDATA[manager]]>
              </value>
            </param>
          </params>
          <reporter-output>
          </reporter-output>
        </test-method> <!-- login -->
        <test-method status="PASS" signature="CreateUser()[pri:4, instance:com.sgtesting.newtestscripts.Assignment1@184f6be2]" name="CreateUser" duration-ms="13" started-at="2021-06-07T21:57:03 IST" finished-at="2021-06-07T21:57:03 IST">
          <reporter-output>
          </reporter-output>
        </test-method> <!-- CreateUser -->
        <test-method status="PASS" signature="DeleteUser()[pri:5, instance:com.sgtesting.newtestscripts.Assignment1@184f6be2]" name="DeleteUser" duration-ms="2035" started-at="2021-06-07T21:57:03 IST" finished-at="2021-06-07T21:57:05 IST">
          <reporter-output>
          </reporter-output>
        </test-method> <!-- DeleteUser -->
        <test-method status="PASS" signature="logout()[pri:6, instance:com.sgtesting.newtestscripts.Assignment1@184f6be2]" name="logout" duration-ms="2031" started-at="2021-06-07T21:57:05 IST" finished-at="2021-06-07T21:57:07 IST">
          <reporter-output>
          </reporter-output>
        </test-method> <!-- logout -->
        <test-method status="PASS" signature="closeApplication()[pri:7, instance:com.sgtesting.newtestscripts.Assignment1@184f6be2]" name="closeApplication" duration-ms="4111" started-at="2021-06-07T21:57:07 IST" finished-at="2021-06-07T21:57:11 IST">
          <reporter-output>
          </reporter-output>
        </test-method> <!-- closeApplication -->
      </class> <!-- com.sgtesting.newtestscripts.Assignment1 -->
    </test> <!-- Default test -->
  </suite> <!-- Default suite -->
</testng-results>
